# JRE version: Java(TM) SE Runtime Environment (25.0+37) (build 25+37-LTS-3491)
# Java VM: Java HotSpot(TM) 64-Bit Server VM (25+37-LTS-3491, mixed mode, sharing, tiered, compressed oops, compressed class ptrs, parallel gc, windows-amd64)
GC Precious Log:
 CardTable entry size: 512
 CPUs: 32 total, 32 available
 Memory: 16088M
 Large Page Support: Disabled
 NUMA Support: Disabled
 Compressed Oops: Enabled (Zero based)
 Alignments: Space 512K, Generation 512K, Heap 2M
 Heap Min Capacity: 100M
 Heap Initial Capacity: 100M
 Heap Max Capacity: 8G
 Pre-touch: Disabled
 Parallel Workers: 23
Heap:
 PSYoungGen      total 27648K, used 16605K [0x0000000755580000, 0x0000000757e80000, 0x0000000800000000)
  eden space 26112K, 57% used [0x0000000755580000,0x000000075643f6a0,0x0000000756f00000)
  from space 1536K, 97% used [0x0000000757500000,0x0000000757678060,0x0000000757680000)
  to   space 6144K, 0% used [0x0000000756f00000,0x0000000756f00000,0x0000000757500000)
 ParOldGen       total 104960K, used 87525K [0x0000000600000000, 0x0000000606680000, 0x0000000755580000)
  object space 104960K, 83% used [0x0000000600000000,0x0000000605579440,0x0000000606680000)
GC Heap Usage History (20 events):
Event: 378.680 {heap Before GC invocations=91 (full 4):
 PSYoungGen      total 32768K, used 32416K [0x0000000755580000, 0x0000000757780000, 0x0000000800000000)
  eden space 30720K, 100% used [0x0000000755580000,0x0000000757380000,0x0000000757380000)
  from space 2048K, 82% used [0x0000000757580000,0x0000000757728020,0x0000000757780000)
  to   space 2048K, 0% used [0x0000000757380000,0x0000000757380000,0x0000000757580000)
 ParOldGen       total 104960K, used 74287K [0x0000000600000000, 0x0000000606680000, 0x00000007555800Event: 378.681 {heap After GC invocations=91 (full 4):
 PSYoungGen      total 31744K, used 1520K [0x0000000755580000, 0x0000000757700000, 0x0000000800000000)
  eden space 30208K, 0% used [0x0000000755580000,0x0000000755580000,0x0000000757300000)
  from space 1536K, 98% used [0x0000000757380000,0x00000007574fc030,0x0000000757500000)
  to   space 2048K, 0% used [0x0000000757500000,0x0000000757500000,0x0000000757700000)
 ParOldGen       total 104960K, used 75702K [0x0000000600000000, 0x0000000606680000, 0x0000000755580000)
Event: 379.063 {heap Before GC invocations=92 (full 4):
 PSYoungGen      total 31744K, used 31728K [0x0000000755580000, 0x0000000757700000, 0x0000000800000000)
  eden space 30208K, 100% used [0x0000000755580000,0x0000000757300000,0x0000000757300000)
  from space 1536K, 98% used [0x0000000757380000,0x00000007574fc030,0x0000000757500000)
  to   space 2048K, 0% used [0x0000000757500000,0x0000000757500000,0x0000000757700000)
 ParOldGen       total 104960K, used 75702K [0x0000000600000000, 0x0000000606680000, 0x00000007555800Event: 379.064 {heap After GC invocations=92 (full 4):
 PSYoungGen      total 32256K, used 1584K [0x0000000755580000, 0x0000000757700000, 0x0000000800000000)
  eden space 30208K, 0% used [0x0000000755580000,0x0000000755580000,0x0000000757300000)
  from space 2048K, 77% used [0x0000000757500000,0x000000075768c030,0x0000000757700000)
  to   space 2048K, 0% used [0x0000000757300000,0x0000000757300000,0x0000000757500000)
 ParOldGen       total 104960K, used 75838K [0x0000000600000000, 0x0000000606680000, 0x0000000755580000)
Event: 380.205 {heap Before GC invocations=93 (full 4):
 PSYoungGen      total 32256K, used 31792K [0x0000000755580000, 0x0000000757700000, 0x0000000800000000)
  eden space 30208K, 100% used [0x0000000755580000,0x0000000757300000,0x0000000757300000)
  from space 2048K, 77% used [0x0000000757500000,0x000000075768c030,0x0000000757700000)
  to   space 2048K, 0% used [0x0000000757300000,0x0000000757300000,0x0000000757500000)
 ParOldGen       total 104960K, used 75838K [0x0000000600000000, 0x0000000606680000, 0x00000007555800Event: 380.206 {heap After GC invocations=93 (full 4):
 PSYoungGen      total 32256K, used 928K [0x0000000755580000, 0x0000000757680000, 0x0000000800000000)
  eden space 30208K, 0% used [0x0000000755580000,0x0000000755580000,0x0000000757300000)
  from space 2048K, 45% used [0x0000000757300000,0x00000007573e8020,0x0000000757500000)
  to   space 1536K, 0% used [0x0000000757500000,0x0000000757500000,0x0000000757680000)
 ParOldGen       total 104960K, used 77076K [0x0000000600000000, 0x0000000606680000, 0x0000000755580000)
 Event: 385.924 {heap Before GC invocations=94 (full 4):
 PSYoungGen      total 32256K, used 31136K [0x0000000755580000, 0x0000000757680000, 0x0000000800000000)
  eden space 30208K, 100% used [0x0000000755580000,0x0000000757300000,0x0000000757300000)
  from space 2048K, 45% used [0x0000000757300000,0x00000007573e8020,0x0000000757500000)
  to   space 1536K, 0% used [0x0000000757500000,0x0000000757500000,0x0000000757680000)
 ParOldGen       total 104960K, used 77076K [0x0000000600000000, 0x0000000606680000, 0x00000007555800Event: 385.925 {heap After GC invocations=94 (full 4):
 PSYoungGen      total 32768K, used 960K [0x0000000755580000, 0x0000000757680000, 0x0000000800000000)
  eden space 31232K, 0% used [0x0000000755580000,0x0000000755580000,0x0000000757400000)
  from space 1536K, 62% used [0x0000000757500000,0x00000007575f0020,0x0000000757680000)
  to   space 1024K, 0% used [0x0000000757400000,0x0000000757400000,0x0000000757500000)
 ParOldGen       total 104960K, used 77196K [0x0000000600000000, 0x0000000606680000, 0x0000000755580000)
 Event: 390.891 {heap Before GC invocations=95 (full 4):
 PSYoungGen      total 32768K, used 32192K [0x0000000755580000, 0x0000000757680000, 0x0000000800000000)
  eden space 31232K, 100% used [0x0000000755580000,0x0000000757400000,0x0000000757400000)
  from space 1536K, 62% used [0x0000000757500000,0x00000007575f0020,0x0000000757680000)
  to   space 1024K, 0% used [0x0000000757400000,0x0000000757400000,0x0000000757500000)
 ParOldGen       total 104960K, used 77196K [0x0000000600000000, 0x0000000606680000, 0x00000007555800Event: 390.893 {heap After GC invocations=95 (full 4):
 PSYoungGen      total 31744K, used 1008K [0x0000000755580000, 0x0000000757a80000, 0x0000000800000000)
  eden space 30720K, 0% used [0x0000000755580000,0x0000000755580000,0x0000000757380000)
  from space 1024K, 98% used [0x0000000757400000,0x00000007574fc030,0x0000000757500000)
  to   space 3584K, 0% used [0x0000000757700000,0x0000000757700000,0x0000000757a80000)
 ParOldGen       total 104960K, used 79189K [0x0000000600000000, 0x0000000606680000, 0x0000000755580000)
Event: 401.818 {heap Before GC invocations=96 (full 4):
 PSYoungGen      total 31744K, used 31728K [0x0000000755580000, 0x0000000757a80000, 0x0000000800000000)
  eden space 30720K, 100% used [0x0000000755580000,0x0000000757380000,0x0000000757380000)
  from space 1024K, 98% used [0x0000000757400000,0x00000007574fc030,0x0000000757500000)
  to   space 3584K, 0% used [0x0000000757700000,0x0000000757700000,0x0000000757a80000)
 ParOldGen       total 104960K, used 79189K [0x0000000600000000, 0x0000000606680000, 0x00000007555800Event: 401.820 {heap After GC invocations=96 (full 4):
 PSYoungGen      total 32256K, used 1776K [0x0000000755580000, 0x0000000757900000, 0x0000000800000000)
  eden space 30208K, 0% used [0x0000000755580000,0x0000000755580000,0x0000000757300000)
  from space 2048K, 86% used [0x0000000757700000,0x00000007578bc030,0x0000000757900000)
  to   space 2560K, 0% used [0x0000000757400000,0x0000000757400000,0x0000000757680000)
 ParOldGen       total 104960K, used 80230K [0x0000000600000000, 0x0000000606680000, 0x0000000755580000)
Event: 417.536 {heap Before GC invocations=97 (full 4):
 PSYoungGen      total 32256K, used 31984K [0x0000000755580000, 0x0000000757900000, 0x0000000800000000)
  eden space 30208K, 100% used [0x0000000755580000,0x0000000757300000,0x0000000757300000)
  from space 2048K, 86% used [0x0000000757700000,0x00000007578bc030,0x0000000757900000)
  to   space 2560K, 0% used [0x0000000757400000,0x0000000757400000,0x0000000757680000)
 ParOldGen       total 104960K, used 80230K [0x0000000600000000, 0x0000000606680000, 0x00000007555800Event: 417.538 {heap After GC invocations=97 (full 4):
 PSYoungGen      total 33280K, used 1968K [0x0000000755580000, 0x0000000757780000, 0x0000000800000000)
  eden space 31232K, 0% used [0x0000000755580000,0x0000000755580000,0x0000000757400000)
  from space 2048K, 96% used [0x0000000757400000,0x00000007575ec030,0x0000000757600000)
  to   space 1536K, 0% used [0x0000000757600000,0x0000000757600000,0x0000000757780000)
 ParOldGen       total 104960K, used 81670K [0x0000000600000000, 0x0000000606680000, 0x0000000755580000)
Event: 418.797 {heap Before GC invocations=98 (full 4):
 PSYoungGen      total 33280K, used 33200K [0x0000000755580000, 0x0000000757780000, 0x0000000800000000)
  eden space 31232K, 100% used [0x0000000755580000,0x0000000757400000,0x0000000757400000)
  from space 2048K, 96% used [0x0000000757400000,0x00000007575ec030,0x0000000757600000)
  to   space 1536K, 0% used [0x0000000757600000,0x0000000757600000,0x0000000757780000)
 ParOldGen       total 104960K, used 81670K [0x0000000600000000, 0x0000000606680000, 0x00000007555800Event: 418.799 {heap After GC invocations=98 (full 4):
 PSYoungGen      total 31744K, used 1504K [0x0000000755580000, 0x0000000757980000, 0x0000000800000000)
  eden space 30208K, 0% used [0x0000000755580000,0x0000000755580000,0x0000000757300000)
  from space 1536K, 97% used [0x0000000757600000,0x0000000757778040,0x0000000757780000)
  to   space 3072K, 0% used [0x0000000757300000,0x0000000757300000,0x0000000757600000)
 ParOldGen       total 104960K, used 82765K [0x0000000600000000, 0x0000000606680000, 0x0000000755580000)
Event: 422.365 {heap Before GC invocations=99 (full 4):
 PSYoungGen      total 31744K, used 31712K [0x0000000755580000, 0x0000000757980000, 0x0000000800000000)
  eden space 30208K, 100% used [0x0000000755580000,0x0000000757300000,0x0000000757300000)
  from space 1536K, 97% used [0x0000000757600000,0x0000000757778040,0x0000000757780000)
  to   space 3072K, 0% used [0x0000000757300000,0x0000000757300000,0x0000000757600000)
 ParOldGen       total 104960K, used 82765K [0x0000000600000000, 0x0000000606680000, 0x00000007555800Event: 422.366 {heap After GC invocations=99 (full 4):
 PSYoungGen      total 31232K, used 800K [0x0000000755580000, 0x0000000757680000, 0x0000000800000000)
  eden space 30208K, 0% used [0x0000000755580000,0x0000000755580000,0x0000000757300000)
  from space 1024K, 78% used [0x0000000757300000,0x00000007573c8020,0x0000000757400000)
  to   space 1536K, 0% used [0x0000000757500000,0x0000000757500000,0x0000000757680000)
 ParOldGen       total 104960K, used 84035K [0x0000000600000000, 0x0000000606680000, 0x0000000755580000)
 Event: 443.021 {heap Before GC invocations=100 (full 4):
 PSYoungGen      total 31232K, used 30993K [0x0000000755580000, 0x0000000757680000, 0x0000000800000000)
  eden space 30208K, 99% used [0x0000000755580000,0x00000007572fc468,0x0000000757300000)
  from space 1024K, 78% used [0x0000000757300000,0x00000007573c8020,0x0000000757400000)
  to   space 1536K, 0% used [0x0000000757500000,0x0000000757500000,0x0000000757680000)
 ParOldGen       total 104960K, used 84035K [0x0000000600000000, 0x0000000606680000, 0x00000007555800Event: 443.023 {heap After GC invocations=100 (full 4):
 PSYoungGen      total 27648K, used 1504K [0x0000000755580000, 0x0000000757e80000, 0x0000000800000000)
  eden space 26112K, 0% used [0x0000000755580000,0x0000000755580000,0x0000000756f00000)
  from space 1536K, 97% used [0x0000000757500000,0x0000000757678060,0x0000000757680000)
  to   space 6144K, 0% used [0x0000000756f00000,0x0000000756f00000,0x0000000757500000)
 ParOldGen       total 104960K, used 87525K [0x0000000600000000, 0x0000000606680000, 0x0000000755580000)
Metaspace Usage History (20 events):
Event: 378.680 {metaspace Before GC invocations=91 (full 4):
 Metaspace       used 79706K, committed 81152K, reserved 1179648K
  class space    used 7144K, committed 7744K, reserved 1048576K
}
Event: 378.681 {metaspace After GC invocations=91 (full 4):
 Metaspace       used 79706K, committed 81152K, reserved 1179648K
  class space    used 7144K, committed 7744K, reserved 1048576K
}
Event: 379.063 {metaspace Before GC invocations=92 (full 4):
 Metaspace       used 79727K, committed 81152K, reserved 1179648K
  class space    used 7144K, committed 7744K, reserved 1048576K
}
Event: 379.064 {metaspace After GC invocations=92 (full 4):
 Metaspace       used 79727K, committed 81152K, reserved 1179648K
  class space    used 7144K, committed 7744K, reserved 1048576K
}
Event: 380.205 {metaspace Before GC invocations=93 (full 4):
 Metaspace       used 79735K, committed 81216K, reserved 1179648K
  class space    used 7144K, committed 7744K, reserved 1048576K
}
Event: 380.206 {metaspace After GC invocations=93 (full 4):
 Metaspace       used 79735K, committed 81216K, reserved 1179648K
  class space    used 7144K, committed 7744K, reserved 1048576K
}
Event: 385.924 {metaspace Before GC invocations=94 (full 4):
 Metaspace       used 79752K, committed 81216K, reserved 1179648K
  class space    used 7145K, committed 7744K, reserved 1048576K
}
Event: 385.925 {metaspace After GC invocations=94 (full 4):
 Metaspace       used 79752K, committed 81216K, reserved 1179648K
  class space    used 7145K, committed 7744K, reserved 1048576K
}
Event: 390.891 {metaspace Before GC invocations=95 (full 4):
 Metaspace       used 79762K, committed 81216K, reserved 1179648K
  class space    used 7145K, committed 7744K, reserved 1048576K
}
Event: 390.893 {metaspace After GC invocations=95 (full 4):
 Metaspace       used 79762K, committed 81216K, reserved 1179648K
  class space    used 7145K, committed 7744K, reserved 1048576K
}
Event: 401.818 {metaspace Before GC invocations=96 (full 4):
 Metaspace       used 80027K, committed 81536K, reserved 1179648K
  class space    used 7183K, committed 7808K, reserved 1048576K
}
Event: 401.820 {metaspace After GC invocations=96 (full 4):
 Metaspace       used 80027K, committed 81536K, reserved 1179648K
  class space    used 7183K, committed 7808K, reserved 1048576K
}
Event: 417.536 {metaspace Before GC invocations=97 (full 4):
 Metaspace       used 80038K, committed 81536K, reserved 1179648K
  class space    used 7183K, committed 7808K, reserved 1048576K
}
Event: 417.538 {metaspace After GC invocations=97 (full 4):
 Metaspace       used 80038K, committed 81536K, reserved 1179648K
  class space    used 7183K, committed 7808K, reserved 1048576K
}
Event: 418.797 {metaspace Before GC invocations=98 (full 4):
 Metaspace       used 80150K, committed 81664K, reserved 1179648K
  class space    used 7188K, committed 7808K, reserved 1048576K
}
Event: 418.799 {metaspace After GC invocations=98 (full 4):
 Metaspace       used 80150K, committed 81664K, reserved 1179648K
  class space    used 7188K, committed 7808K, reserved 1048576K
}
Event: 422.365 {metaspace Before GC invocations=99 (full 4):
 Metaspace       used 80194K, committed 81664K, reserved 1179648K
  class space    used 7188K, committed 7808K, reserved 1048576K
}
Event: 422.366 {metaspace After GC invocations=99 (full 4):
 Metaspace       used 80194K, committed 81664K, reserved 1179648K
  class space    used 7188K, committed 7808K, reserved 1048576K
}
Event: 443.021 {metaspace Before GC invocations=100 (full 4):
 Metaspace       used 82776K, committed 84288K, reserved 1179648K
  class space    used 7404K, committed 8064K, reserved 1048576K
}
Event: 443.023 {metaspace After GC invocations=100 (full 4):
 Metaspace       used 82776K, committed 84288K, reserved 1179648K
  class space    used 7404K, committed 8064K, reserved 1048576K
}

