# JRE version: Java(TM) SE Runtime Environment (25.0+37) (build 25+37-LTS-3491)
# Java VM: Java HotSpot(TM) 64-Bit Server VM (25+37-LTS-3491, mixed mode, sharing, tiered, compressed oops, compressed class ptrs, parallel gc, windows-amd64)
GC Precious Log:
 CardTable entry size: 512
 CPUs: 32 total, 32 available
 Memory: 16088M
 Large Page Support: Disabled
 NUMA Support: Disabled
 Compressed Oops: Enabled (Zero based)
 Alignments: Space 512K, Generation 512K, Heap 2M
 Heap Min Capacity: 100M
 Heap Initial Capacity: 100M
 Heap Max Capacity: 4G
 Pre-touch: Disabled
 Parallel Workers: 23
Heap:
 PSYoungGen      total 32256K, used 10147K [0x00000007aab00000, 0x00000007acd00000, 0x0000000800000000)
  eden space 31232K, 29% used [0x00000007aab00000,0x00000007ab40b4a0,0x00000007ac980000)
  from space 1024K, 86% used [0x00000007ac980000,0x00000007aca5daf8,0x00000007aca80000)
  to   space 1536K, 0% used [0x00000007acb80000,0x00000007acb80000,0x00000007acd00000)
 ParOldGen       total 113664K, used 113646K [0x0000000700000000, 0x0000000706f00000, 0x00000007aab00000)
  object space 113664K, 99% used [0x0000000700000000,0x0000000706efba90,0x0000000706f00000)
GC Heap Usage History (20 events):
Event: 101.106 {heap After GC invocations=79 (full 3):
 PSYoungGen      total 36352K, used 1238K [0x00000007aab00000, 0x00000007ad000000, 0x0000000800000000)
  eden space 34816K, 0% used [0x00000007aab00000,0x00000007aab00000,0x00000007acd00000)
  from space 1536K, 80% used [0x00000007ace80000,0x00000007acfb5af0,0x00000007ad000000)
  to   space 1536K, 0% used [0x00000007acd00000,0x00000007acd00000,0x00000007ace80000)
 ParOldGen       total 104960K, used 104896K [0x0000000700000000, 0x0000000706680000, 0x00000007aab00000)Event: 107.802 {heap Before GC invocations=80 (full 3):
 PSYoungGen      total 36352K, used 36054K [0x00000007aab00000, 0x00000007ad000000, 0x0000000800000000)
  eden space 34816K, 100% used [0x00000007aab00000,0x00000007acd00000,0x00000007acd00000)
  from space 1536K, 80% used [0x00000007ace80000,0x00000007acfb5af0,0x00000007ad000000)
  to   space 1536K, 0% used [0x00000007acd00000,0x00000007acd00000,0x00000007ace80000)
 ParOldGen       total 104960K, used 104896K [0x0000000700000000, 0x0000000706680000, 0x00000007aab00Event: 107.804 {heap After GC invocations=80 (full 3):
 PSYoungGen      total 35328K, used 736K [0x00000007aab00000, 0x00000007acf00000, 0x0000000800000000)
  eden space 34304K, 0% used [0x00000007aab00000,0x00000007aab00000,0x00000007acc80000)
  from space 1024K, 71% used [0x00000007acd00000,0x00000007acdb8000,0x00000007ace00000)
  to   space 1024K, 0% used [0x00000007ace00000,0x00000007ace00000,0x00000007acf00000)
 ParOldGen       total 106496K, used 105985K [0x0000000700000000, 0x0000000706800000, 0x00000007aab00000)
Event: 109.664 {heap Before GC invocations=81 (full 3):
 PSYoungGen      total 35328K, used 35040K [0x00000007aab00000, 0x00000007acf00000, 0x0000000800000000)
  eden space 34304K, 100% used [0x00000007aab00000,0x00000007acc80000,0x00000007acc80000)
  from space 1024K, 71% used [0x00000007acd00000,0x00000007acdb8000,0x00000007ace00000)
  to   space 1024K, 0% used [0x00000007ace00000,0x00000007ace00000,0x00000007acf00000)
 ParOldGen       total 106496K, used 105985K [0x0000000700000000, 0x0000000706800000, 0x00000007aab00Event: 109.666 {heap After GC invocations=81 (full 3):
 PSYoungGen      total 31744K, used 1004K [0x00000007aab00000, 0x00000007ad600000, 0x0000000800000000)
  eden space 30720K, 0% used [0x00000007aab00000,0x00000007aab00000,0x00000007ac900000)
  from space 1024K, 98% used [0x00000007ace00000,0x00000007acefb0c0,0x00000007acf00000)
  to   space 5120K, 0% used [0x00000007ac900000,0x00000007ac900000,0x00000007ace00000)
 ParOldGen       total 109568K, used 109127K [0x0000000700000000, 0x0000000706b00000, 0x00000007aab00000)Event: 113.740 {heap Before GC invocations=82 (full 3):
 PSYoungGen      total 31744K, used 31724K [0x00000007aab00000, 0x00000007ad600000, 0x0000000800000000)
  eden space 30720K, 100% used [0x00000007aab00000,0x00000007ac900000,0x00000007ac900000)
  from space 1024K, 98% used [0x00000007ace00000,0x00000007acefb0c0,0x00000007acf00000)
  to   space 5120K, 0% used [0x00000007ac900000,0x00000007ac900000,0x00000007ace00000)
 ParOldGen       total 109568K, used 109127K [0x0000000700000000, 0x0000000706b00000, 0x00000007aab00Event: 113.742 {heap After GC invocations=82 (full 3):
 PSYoungGen      total 31232K, used 544K [0x00000007aab00000, 0x00000007ace80000, 0x0000000800000000)
  eden space 30208K, 0% used [0x00000007aab00000,0x00000007aab00000,0x00000007ac880000)
  from space 1024K, 53% used [0x00000007ac900000,0x00000007ac988020,0x00000007aca00000)
  to   space 2048K, 0% used [0x00000007acc80000,0x00000007acc80000,0x00000007ace80000)
 ParOldGen       total 110080K, used 109867K [0x0000000700000000, 0x0000000706b80000, 0x00000007aab00000)
Event: 114.780 {heap Before GC invocations=83 (full 3):
 PSYoungGen      total 31232K, used 30752K [0x00000007aab00000, 0x00000007ace80000, 0x0000000800000000)
  eden space 30208K, 100% used [0x00000007aab00000,0x00000007ac880000,0x00000007ac880000)
  from space 1024K, 53% used [0x00000007ac900000,0x00000007ac988020,0x00000007aca00000)
  to   space 2048K, 0% used [0x00000007acc80000,0x00000007acc80000,0x00000007ace80000)
 ParOldGen       total 110080K, used 109867K [0x0000000700000000, 0x0000000706b80000, 0x00000007aab00Event: 114.782 {heap After GC invocations=83 (full 3):
 PSYoungGen      total 34304K, used 864K [0x00000007aab00000, 0x00000007acd80000, 0x0000000800000000)
  eden space 33280K, 0% used [0x00000007aab00000,0x00000007aab00000,0x00000007acb80000)
  from space 1024K, 84% used [0x00000007acc80000,0x00000007acd58020,0x00000007acd80000)
  to   space 1024K, 0% used [0x00000007acb80000,0x00000007acb80000,0x00000007acc80000)
 ParOldGen       total 110080K, used 110027K [0x0000000700000000, 0x0000000706b80000, 0x00000007aab00000)
Event: 117.644 {heap Before GC invocations=84 (full 3):
 PSYoungGen      total 34304K, used 34144K [0x00000007aab00000, 0x00000007acd80000, 0x0000000800000000)
  eden space 33280K, 100% used [0x00000007aab00000,0x00000007acb80000,0x00000007acb80000)
  from space 1024K, 84% used [0x00000007acc80000,0x00000007acd58020,0x00000007acd80000)
  to   space 1024K, 0% used [0x00000007acb80000,0x00000007acb80000,0x00000007acc80000)
 ParOldGen       total 110080K, used 110027K [0x0000000700000000, 0x0000000706b80000, 0x00000007aab00Event: 117.645 {heap After GC invocations=84 (full 3):
 PSYoungGen      total 33792K, used 1014K [0x00000007aab00000, 0x00000007ace00000, 0x0000000800000000)
  eden space 32768K, 0% used [0x00000007aab00000,0x00000007aab00000,0x00000007acb00000)
  from space 1024K, 99% used [0x00000007acb80000,0x00000007acc7daf0,0x00000007acc80000)
  to   space 1536K, 0% used [0x00000007acc80000,0x00000007acc80000,0x00000007ace00000)
 ParOldGen       total 110592K, used 110107K [0x0000000700000000, 0x0000000706c00000, 0x00000007aab00000)Event: 146.650 {heap Before GC invocations=85 (full 3):
 PSYoungGen      total 33792K, used 33782K [0x00000007aab00000, 0x00000007ace00000, 0x0000000800000000)
  eden space 32768K, 100% used [0x00000007aab00000,0x00000007acb00000,0x00000007acb00000)
  from space 1024K, 99% used [0x00000007acb80000,0x00000007acc7daf0,0x00000007acc80000)
  to   space 1536K, 0% used [0x00000007acc80000,0x00000007acc80000,0x00000007ace00000)
 ParOldGen       total 110592K, used 110107K [0x0000000700000000, 0x0000000706c00000, 0x00000007aab00Event: 146.651 {heap After GC invocations=85 (full 3):
 PSYoungGen      total 33280K, used 608K [0x00000007aab00000, 0x00000007acd80000, 0x0000000800000000)
  eden space 32256K, 0% used [0x00000007aab00000,0x00000007aab00000,0x00000007aca80000)
  from space 1024K, 59% used [0x00000007acc80000,0x00000007acd18000,0x00000007acd80000)
  to   space 1024K, 0% used [0x00000007acb80000,0x00000007acb80000,0x00000007acc80000)
 ParOldGen       total 111616K, used 111121K [0x0000000700000000, 0x0000000706d00000, 0x00000007aab00000)
Event: 148.506 {heap Before GC invocations=86 (full 3):
 PSYoungGen      total 33280K, used 32864K [0x00000007aab00000, 0x00000007acd80000, 0x0000000800000000)
  eden space 32256K, 100% used [0x00000007aab00000,0x00000007aca80000,0x00000007aca80000)
  from space 1024K, 59% used [0x00000007acc80000,0x00000007acd18000,0x00000007acd80000)
  to   space 1024K, 0% used [0x00000007acb80000,0x00000007acb80000,0x00000007acc80000)
 ParOldGen       total 111616K, used 111121K [0x0000000700000000, 0x0000000706d00000, 0x00000007aab00Event: 148.507 {heap After GC invocations=86 (full 3):
 PSYoungGen      total 32768K, used 997K [0x00000007aab00000, 0x00000007acd00000, 0x0000000800000000)
  eden space 31744K, 0% used [0x00000007aab00000,0x00000007aab00000,0x00000007aca00000)
  from space 1024K, 97% used [0x00000007acb80000,0x00000007acc79560,0x00000007acc80000)
  to   space 512K, 0% used [0x00000007acc80000,0x00000007acc80000,0x00000007acd00000)
 ParOldGen       total 111616K, used 111505K [0x0000000700000000, 0x0000000706d00000, 0x00000007aab00000)
 Event: 149.305 {heap Before GC invocations=87 (full 3):
 PSYoungGen      total 32768K, used 32741K [0x00000007aab00000, 0x00000007acd00000, 0x0000000800000000)
  eden space 31744K, 100% used [0x00000007aab00000,0x00000007aca00000,0x00000007aca00000)
  from space 1024K, 97% used [0x00000007acb80000,0x00000007acc79560,0x00000007acc80000)
  to   space 512K, 0% used [0x00000007acc80000,0x00000007acc80000,0x00000007acd00000)
 ParOldGen       total 111616K, used 111505K [0x0000000700000000, 0x0000000706d00000, 0x00000007aab000Event: 149.307 {heap After GC invocations=87 (full 3):
 PSYoungGen      total 31744K, used 502K [0x00000007aab00000, 0x00000007ace80000, 0x0000000800000000)
  eden space 31232K, 0% used [0x00000007aab00000,0x00000007aab00000,0x00000007ac980000)
  from space 512K, 98% used [0x00000007acc80000,0x00000007accfdaf8,0x00000007acd00000)
  to   space 2560K, 0% used [0x00000007ac980000,0x00000007ac980000,0x00000007acc00000)
 ParOldGen       total 113152K, used 113077K [0x0000000700000000, 0x0000000706e80000, 0x00000007aab00000)
 Event: 150.223 {heap Before GC invocations=88 (full 3):
 PSYoungGen      total 31744K, used 31716K [0x00000007aab00000, 0x00000007ace80000, 0x0000000800000000)
  eden space 31232K, 99% used [0x00000007aab00000,0x00000007ac97b7a0,0x00000007ac980000)
  from space 512K, 98% used [0x00000007acc80000,0x00000007accfdaf8,0x00000007acd00000)
  to   space 2560K, 0% used [0x00000007ac980000,0x00000007ac980000,0x00000007acc00000)
 ParOldGen       total 113152K, used 113077K [0x0000000700000000, 0x0000000706e80000, 0x00000007aab0000Event: 150.225 {heap After GC invocations=88 (full 3):
 PSYoungGen      total 32256K, used 886K [0x00000007aab00000, 0x00000007acd00000, 0x0000000800000000)
  eden space 31232K, 0% used [0x00000007aab00000,0x00000007aab00000,0x00000007ac980000)
  from space 1024K, 86% used [0x00000007ac980000,0x00000007aca5daf8,0x00000007aca80000)
  to   space 1536K, 0% used [0x00000007acb80000,0x00000007acb80000,0x00000007acd00000)
 ParOldGen       total 113664K, used 113646K [0x0000000700000000, 0x0000000706f00000, 0x00000007aab00000)
Event: 150.423 {heap Before GC invocations=89 (full 4):
 PSYoungGen      total 32256K, used 10147K [0x00000007aab00000, 0x00000007acd00000, 0x0000000800000000)
  eden space 31232K, 29% used [0x00000007aab00000,0x00000007ab40b4a0,0x00000007ac980000)
  from space 1024K, 86% used [0x00000007ac980000,0x00000007aca5daf8,0x00000007aca80000)
  to   space 1536K, 0% used [0x00000007acb80000,0x00000007acb80000,0x00000007acd00000)
 ParOldGen       total 113664K, used 113646K [0x0000000700000000, 0x0000000706f00000, 0x00000007aab000
Metaspace Usage History (20 events):
Event: 101.106 {metaspace After GC invocations=79 (full 3):
 Metaspace       used 76435K, committed 77824K, reserved 1179648K
  class space    used 6779K, committed 7360K, reserved 1048576K
}
Event: 107.802 {metaspace Before GC invocations=80 (full 3):
 Metaspace       used 76479K, committed 77888K, reserved 1179648K
  class space    used 6779K, committed 7360K, reserved 1048576K
}
Event: 107.804 {metaspace After GC invocations=80 (full 3):
 Metaspace       used 76479K, committed 77888K, reserved 1179648K
  class space    used 6779K, committed 7360K, reserved 1048576K
}
Event: 109.664 {metaspace Before GC invocations=81 (full 3):
 Metaspace       used 76537K, committed 77888K, reserved 1179648K
  class space    used 6779K, committed 7360K, reserved 1048576K
}
Event: 109.666 {metaspace After GC invocations=81 (full 3):
 Metaspace       used 76537K, committed 77888K, reserved 1179648K
  class space    used 6779K, committed 7360K, reserved 1048576K
}
Event: 113.740 {metaspace Before GC invocations=82 (full 3):
 Metaspace       used 76539K, committed 77888K, reserved 1179648K
  class space    used 6779K, committed 7360K, reserved 1048576K
}
Event: 113.742 {metaspace After GC invocations=82 (full 3):
 Metaspace       used 76539K, committed 77888K, reserved 1179648K
  class space    used 6779K, committed 7360K, reserved 1048576K
}
Event: 114.780 {metaspace Before GC invocations=83 (full 3):
 Metaspace       used 76549K, committed 77888K, reserved 1179648K
  class space    used 6779K, committed 7360K, reserved 1048576K
}
Event: 114.782 {metaspace After GC invocations=83 (full 3):
 Metaspace       used 76549K, committed 77888K, reserved 1179648K
  class space    used 6779K, committed 7360K, reserved 1048576K
}
Event: 117.644 {metaspace Before GC invocations=84 (full 3):
 Metaspace       used 76558K, committed 77888K, reserved 1179648K
  class space    used 6779K, committed 7360K, reserved 1048576K
}
Event: 117.645 {metaspace After GC invocations=84 (full 3):
 Metaspace       used 76558K, committed 77888K, reserved 1179648K
  class space    used 6779K, committed 7360K, reserved 1048576K
}
Event: 146.650 {metaspace Before GC invocations=85 (full 3):
 Metaspace       used 76592K, committed 77888K, reserved 1179648K
  class space    used 6779K, committed 7360K, reserved 1048576K
}
Event: 146.651 {metaspace After GC invocations=85 (full 3):
 Metaspace       used 76592K, committed 77888K, reserved 1179648K
  class space    used 6779K, committed 7360K, reserved 1048576K
}
Event: 148.506 {metaspace Before GC invocations=86 (full 3):
 Metaspace       used 76799K, committed 78144K, reserved 1179648K
  class space    used 6786K, committed 7360K, reserved 1048576K
}
Event: 148.507 {metaspace After GC invocations=86 (full 3):
 Metaspace       used 76799K, committed 78144K, reserved 1179648K
  class space    used 6786K, committed 7360K, reserved 1048576K
}
Event: 149.305 {metaspace Before GC invocations=87 (full 3):
 Metaspace       used 76858K, committed 78208K, reserved 1179648K
  class space    used 6786K, committed 7360K, reserved 1048576K
}
Event: 149.307 {metaspace After GC invocations=87 (full 3):
 Metaspace       used 76858K, committed 78208K, reserved 1179648K
  class space    used 6786K, committed 7360K, reserved 1048576K
}
Event: 150.223 {metaspace Before GC invocations=88 (full 3):
 Metaspace       used 76899K, committed 78208K, reserved 1179648K
  class space    used 6786K, committed 7360K, reserved 1048576K
}
Event: 150.225 {metaspace After GC invocations=88 (full 3):
 Metaspace       used 76899K, committed 78208K, reserved 1179648K
  class space    used 6786K, committed 7360K, reserved 1048576K
}
Event: 150.423 {metaspace Before GC invocations=89 (full 4):
 Metaspace       used 76934K, committed 78272K, reserved 1179648K
  class space    used 6786K, committed 7360K, reserved 1048576K
}

